The system is: Linux - 5.10.102.1-microsoft-standard-WSL2 - x86_64
Compiling the C compiler identification source file "CMakeCCompilerId.c" succeeded.
Compiler: /usr/bin/cc 
Build flags: 
Id flags:  

The output was:
0


Compilation of the C compiler identification source "CMakeCCompilerId.c" produced "a.out"

The C compiler identification is GNU, found in "/mnt/g/My Drive/Academy/Semester-D/OS/EX2/resources/cmake-build-debug/CMakeFiles/3.16.3/CompilerIdC/a.out"

Compiling the CXX compiler identification source file "CMakeCXXCompilerId.cpp" succeeded.
Compiler: /usr/bin/c++ 
Build flags: 
Id flags:  

The output was:
0


Compilation of the CXX compiler identification source "CMakeCXXCompilerId.cpp" produced "a.out"

The CXX compiler identification is GNU, found in "/mnt/g/My Drive/Academy/Semester-D/OS/EX2/resources/cmake-build-debug/CMakeFiles/3.16.3/CompilerIdCXX/a.out"

The system is: Linux - 5.10.102.1-microsoft-standard-WSL2 - x86_64
Compiling the C compiler identification source file "CMakeCCompilerId.c" succeeded.
Compiler: /usr/bin/cc 
Build flags: 
Id flags:  

The output was:
0


Compilation of the C compiler identification source "CMakeCCompilerId.c" produced "a.out"

The C compiler identification is GNU, found in "/mnt/g/My Drive/Academy/Semester-D/OS/EX2/resources/cmake-build-debug/CMakeFiles/3.16.3/CompilerIdC/a.out"

Compiling the CXX compiler identification source file "CMakeCXXCompilerId.cpp" succeeded.
Compiler: /usr/bin/c++ 
Build flags: 
Id flags:  

The output was:
0


Compilation of the CXX compiler identification source "CMakeCXXCompilerId.cpp" produced "a.out"

The CXX compiler identification is GNU, found in "/mnt/g/My Drive/Academy/Semester-D/OS/EX2/resources/cmake-build-debug/CMakeFiles/3.16.3/CompilerIdCXX/a.out"

Determining if the C compiler works passed with the following output:
Change Dir: /mnt/g/My Drive/Academy/Semester-D/OS/EX2/resources/cmake-build-debug/CMakeFiles/CMakeTmp

Run Build Command(s):/usr/bin/make cmTC_e63fc/fast && /usr/bin/make -f CMakeFiles/cmTC_e63fc.dir/build.make CMakeFiles/cmTC_e63fc.dir/build
make[1]: Entering directory '/mnt/g/My Drive/Academy/Semester-D/OS/EX2/resources/cmake-build-debug/CMakeFiles/CMakeTmp'
Building C object CMakeFiles/cmTC_e63fc.dir/testCCompiler.c.o
/usr/bin/cc    -o CMakeFiles/cmTC_e63fc.dir/testCCompiler.c.o   -c "/mnt/g/My Drive/Academy/Semester-D/OS/EX2/resources/cmake-build-debug/CMakeFiles/CMakeTmp/testCCompiler.c"
Linking C executable cmTC_e63fc
/usr/bin/cmake -E cmake_link_script CMakeFiles/cmTC_e63fc.dir/link.txt --verbose=1
/usr/bin/cc      -rdynamic CMakeFiles/cmTC_e63fc.dir/testCCompiler.c.o  -o cmTC_e63fc 
make[1]: Leaving directory '/mnt/g/My Drive/Academy/Semester-D/OS/EX2/resources/cmake-build-debug/CMakeFiles/CMakeTmp'



